0 info it worked if it ends with ok
1 verbose cli [ 'C:\\Program Files\\nodejs\\node.exe',
1 verbose cli   'C:\\Users\\Administrator\\AppData\\Roaming\\npm\\node_modules\\npm\\bin\\npm-cli.js',
1 verbose cli   'publish' ]
2 info using npm@3.8.8
3 info using node@v4.3.1
4 verbose publish [ '.' ]
5 silly cache add args [ '.', null ]
6 verbose cache add spec .
7 silly cache add parsed spec Result {
7 silly cache add   raw: '.',
7 silly cache add   scope: null,
7 silly cache add   name: null,
7 silly cache add   rawSpec: '.',
7 silly cache add   spec: 'F:\\nodetest',
7 silly cache add   type: 'directory' }
8 verbose addLocalDirectory C:\Users\Administrator\AppData\Roaming\npm-cache\nodetest\1.0.0\package.tgz not in flight; packing
9 verbose correctMkdir C:\Users\Administrator\AppData\Roaming\npm-cache correctMkdir not in flight; initializing
10 info lifecycle nodetest@1.0.0~prepublish: nodetest@1.0.0
11 silly lifecycle nodetest@1.0.0~prepublish: no script for prepublish, continuing
12 verbose tar pack [ 'C:\\Users\\Administrator\\AppData\\Roaming\\npm-cache\\nodetest\\1.0.0\\package.tgz',
12 verbose tar pack   'F:\\nodetest' ]
13 verbose tarball C:\Users\Administrator\AppData\Roaming\npm-cache\nodetest\1.0.0\package.tgz
14 verbose folder F:\nodetest
15 verbose addLocalTarball adding from inside cache C:\Users\Administrator\AppData\Roaming\npm-cache\nodetest\1.0.0\package.tgz
16 verbose correctMkdir C:\Users\Administrator\AppData\Roaming\npm-cache correctMkdir not in flight; initializing
17 silly cache afterAdd nodetest@1.0.0
18 verbose afterAdd C:\Users\Administrator\AppData\Roaming\npm-cache\nodetest\1.0.0\package\package.json not in flight; writing
19 verbose correctMkdir C:\Users\Administrator\AppData\Roaming\npm-cache correctMkdir not in flight; initializing
20 verbose afterAdd C:\Users\Administrator\AppData\Roaming\npm-cache\nodetest\1.0.0\package\package.json written
21 silly publish { name: 'nodetest',
21 silly publish   version: '1.0.0',
21 silly publish   description: '这是一个测试',
21 silly publish   main: 'index.js',
21 silly publish   scripts: { test: 'echo "Error: no test specified" && exit 1' },
21 silly publish   repository:
21 silly publish    { type: 'git',
21 silly publish      url: 'git+https://github.com/changqingniubi/npmtest01.git' },
21 silly publish   keywords: [ 'cq' ],
21 silly publish   author: { name: 'cq' },
21 silly publish   license: 'ISC',
21 silly publish   bugs: { url: 'https://github.com/changqingniubi/npmtest01/issues' },
21 silly publish   homepage: 'https://github.com/changqingniubi/npmtest01#readme',
21 silly publish   gitHead: '341fb8381b75cde107b4433186923c6caa20e4aa',
21 silly publish   readme: 'ERROR: No README data found!',
21 silly publish   _id: 'nodetest@1.0.0',
21 silly publish   _shasum: 'b2160b8f1f622cd2c63bfcdadbdaf215aba1441c',
21 silly publish   _from: '.' }
22 verbose getPublishConfig undefined
23 silly mapToRegistry name nodetest
24 silly mapToRegistry using default registry
25 silly mapToRegistry registry https://registry.npmjs.org/
26 silly mapToRegistry data Result {
26 silly mapToRegistry   raw: 'nodetest',
26 silly mapToRegistry   scope: null,
26 silly mapToRegistry   name: 'nodetest',
26 silly mapToRegistry   rawSpec: '',
26 silly mapToRegistry   spec: 'latest',
26 silly mapToRegistry   type: 'tag' }
27 silly mapToRegistry uri https://registry.npmjs.org/nodetest
28 verbose publish registryBase https://registry.npmjs.org/
29 silly publish uploading C:\Users\Administrator\AppData\Roaming\npm-cache\nodetest\1.0.0\package.tgz
30 verbose request uri https://registry.npmjs.org/nodetest
31 verbose request sending authorization for write operation
32 info attempt registry request try #1 at 11:06:04
33 verbose request using bearer token for auth
34 verbose request id 9a29ecdd34297cda
35 http request PUT https://registry.npmjs.org/nodetest
36 http 403 https://registry.npmjs.org/nodetest
37 verbose headers { 'content-type': 'application/json',
37 verbose headers   'cache-control': 'max-age=300',
37 verbose headers   'content-length': '102',
37 verbose headers   'accept-ranges': 'bytes',
37 verbose headers   date: 'Sun, 08 May 2016 03:06:06 GMT',
37 verbose headers   via: '1.1 varnish',
37 verbose headers   connection: 'keep-alive',
37 verbose headers   'x-served-by': 'cache-nrt6123-NRT',
37 verbose headers   'x-cache': 'MISS',
37 verbose headers   'x-cache-hits': '0',
37 verbose headers   'x-timer': 'S1462676766.475321,VS0,VE466',
37 verbose headers   vary: 'Accept-Encoding' }
38 verbose request invalidating C:\Users\Administrator\AppData\Roaming\npm-cache\registry.npmjs.org\nodetest on PUT
39 error publish Failed PUT 403
40 verbose stack Error: you do not have permission to publish "nodetest". Are you logged in as the correct user? : nodetest
40 verbose stack     at makeError (C:\Users\Administrator\AppData\Roaming\npm\node_modules\npm\node_modules\npm-registry-client\lib\request.js:264:12)
40 verbose stack     at CachingRegistryClient.<anonymous> (C:\Users\Administrator\AppData\Roaming\npm\node_modules\npm\node_modules\npm-registry-client\lib\request.js:252:14)
40 verbose stack     at Request._callback (C:\Users\Administrator\AppData\Roaming\npm\node_modules\npm\node_modules\npm-registry-client\lib\request.js:172:14)
40 verbose stack     at Request.self.callback (C:\Users\Administrator\AppData\Roaming\npm\node_modules\npm\node_modules\request\request.js:200:22)
40 verbose stack     at emitTwo (events.js:87:13)
40 verbose stack     at Request.emit (events.js:172:7)
40 verbose stack     at Request.<anonymous> (C:\Users\Administrator\AppData\Roaming\npm\node_modules\npm\node_modules\request\request.js:1067:10)
40 verbose stack     at emitOne (events.js:82:20)
40 verbose stack     at Request.emit (events.js:169:7)
40 verbose stack     at IncomingMessage.<anonymous> (C:\Users\Administrator\AppData\Roaming\npm\node_modules\npm\node_modules\request\request.js:988:12)
41 verbose statusCode 403
42 verbose pkgid nodetest
43 verbose cwd F:\nodetest
44 error Windows_NT 6.1.7601
45 error argv "C:\\Program Files\\nodejs\\node.exe" "C:\\Users\\Administrator\\AppData\\Roaming\\npm\\node_modules\\npm\\bin\\npm-cli.js" "publish"
46 error node v4.3.1
47 error npm  v3.8.8
48 error code E403
49 error you do not have permission to publish "nodetest". Are you logged in as the correct user? : nodetest
50 error If you need help, you may report this error at:
50 error     <https://github.com/npm/npm/issues>
51 verbose exit [ 1, true ]
